[1002/181430.139:ERROR:process_reader_win.cc(123)] NtOpenThread: {Access Denied} A process has requested access to an object, but has not been granted those access rights. (0xc0000022)
[1002/181429.983:ERROR:process_reader_win.cc(123)] NtOpenThread: {Access Denied} A process has requested access to an object, but has not been granted those access rights. (0xc0000022)
[1002/181429.983:ERROR:process_reader_win.cc(123)] NtOpenThread: {Access Denied} A process has requested access to an object, but has not been granted those access rights. (0xc0000022)
[1002/181430.155:ERROR:process_reader_win.cc(123)] NtOpenThread: {Access Denied} A process has requested access to an object, but has not been granted those access rights. (0xc0000022)
[1002/181430.311:ERROR:exception_snapshot_win.cc(99)] thread ID 8204 not found in process
[1002/181429.983:ERROR:process_reader_win.cc(123)] NtOpenThread: {Access Denied} A process has requested access to an object, but has not been granted those access rights. (0xc0000022)
[1002/181430.186:ERROR:process_reader_win.cc(123)] NtOpenThread: {Access Denied} A process has requested access to an object, but has not been granted those access rights. (0xc0000022)
[1002/181430.342:ERROR:exception_snapshot_win.cc(99)] thread ID 18452 not found in process
[1002/181430.139:ERROR:process_reader_win.cc(123)] NtOpenThread: {Access Denied} A process has requested access to an object, but has not been granted those access rights. (0xc0000022)
[1002/181430.311:ERROR:exception_snapshot_win.cc(99)] thread ID 12900 not found in process
[1002/181430.311:ERROR:exception_snapshot_win.cc(99)] thread ID 16016 not found in process
[1002/181429.983:ERROR:process_reader_win.cc(123)] NtOpenThread: {Access Denied} A process has requested access to an object, but has not been granted those access rights. (0xc0000022)
[1002/181430.124:ERROR:scoped_process_suspend.cc(31)] NtSuspendProcess: An attempt was made to access an exiting process. (0xc000010a)
[1002/181430.014:ERROR:process_reader_win.cc(123)] NtOpenThread: {Access Denied} A process has requested access to an object, but has not been granted those access rights. (0xc0000022)
[1002/181430.327:ERROR:process_reader_win.cc(123)] NtOpenThread: {Access Denied} A process has requested access to an object, but has not been granted those access rights. (0xc0000022)
[1002/181430.342:ERROR:exception_snapshot_win.cc(99)] thread ID 17332 not found in process
[1002/181430.342:ERROR:exception_snapshot_win.cc(99)] thread ID 8348 not found in process
[1002/181430.342:ERROR:exception_snapshot_win.cc(99)] thread ID 7776 not found in process
[1002/181430.342:ERROR:exception_snapshot_win.cc(99)] thread ID 20412 not found in process
[1002/181430.342:ERROR:exception_snapshot_win.cc(99)] thread ID 5852 not found in process
[1002/181430.342:ERROR:exception_snapshot_win.cc(99)] thread ID 19856 not found in process
[1002/181430.342:ERROR:process_info.cc(118)] ReadProcessMemory bool __cdecl crashpad::(anonymous namespace)::ReadStruct(HANDLE, crashpad::WinVMAddress, T *) [T = crashpad::process_types::PEB<crashpad::process_types::internal::Traits64>]: Only part of a ReadProcessMemory or WriteProcessMemory request was completed. (0x12B)
[1002/181430.342:ERROR:process_info.cc(551)] ReadProcessData failed
